Arguments: 
  /Users/mac/.nvm/versions/node/v14.4.0/bin/node /Users/mac/.nvm/versions/node/v14.4.0/bin/yarn add gh-pages

PATH: 
  /Users/mac/Library/Android/sdk/platform-tools:/Users/mac/.nvm/versions/node/v14.4.0/bin:/Users/mac/.yarn/bin:/Users/mac/.config/yarn/global/node_modules/.bin:/Applications/anaconda2/bin:/Applications/anaconda3/bin:/usr/local/bin:/usr/bin:/bin:/usr/sbin:/sbin:/opt/X11/bin:/Library/Apple/usr/bin:/Users/mac/bin

Yarn version: 
  1.22.10

Node version: 
  14.4.0

Platform: 
  darwin x64

Trace: 
  SyntaxError: /Users/mac/Desktop/restaurant-react-app/package.json: Unexpected token } in JSON at position 755
      at JSON.parse (<anonymous>)
      at /Users/mac/.nvm/versions/node/v14.4.0/lib/node_modules/yarn/lib/cli.js:1625:59
      at Generator.next (<anonymous>)
      at step (/Users/mac/.nvm/versions/node/v14.4.0/lib/node_modules/yarn/lib/cli.js:310:30)
      at /Users/mac/.nvm/versions/node/v14.4.0/lib/node_modules/yarn/lib/cli.js:321:13

npm manifest: 
  {
    "name": "restaurant-react-app",
    "version": "0.1.0",
    
    "private": true,
    "dependencies": {
      "-": "0.0.1",
      "@testing-library/jest-dom": "^4.2.4",
      "@testing-library/react": "^9.5.0",
      "@testing-library/user-event": "^7.2.1",
      "latest": "^0.2.0",
      "mapbox-gl": "^1.12.0",
      "rc-time-picker": "^3.7.3",
      "react": "^16.14.0",
      "react-date-picker": "^8.0.3",
      "react-datepicker": "^3.3.0",
      "react-dom": "^16.14.0",
      "react-router-dom": "^5.2.0",
      "react-scripts": "3.4.3",
      "react-time-picker": "^2.8.0",
      "save-dev": "0.0.1-security"
    },
    "scripts": {
      "start": "react-scripts start",
      "build": "react-scripts build",
      "test": "react-scripts test",
      "eject": "react-scripts eject",
      
  
    },
    "eslintConfig": {
      "extends": "react-app"
    },
    "browserslist": {
      "production": [
        ">0.2%",
        "not dead",
        "not op_mini all"
      ],
      "development": [
        "last 1 chrome version",
        "last 1 firefox version",
        "last 1 safari version"
      ]
    },
    "devDependencies": {
      "gh-pages": "^3.1.0"
    }
  }

yarn manifest: 
  No manifest

Lockfile: 
  No lockfile
